Using pre-set license

 COMMAND LINE ARGUMENTS:
/Applications/Unity/Hub/Editor/2020.3.4f1/Unity.app/Contents/MacOS/Unity
-adb2
-batchMode
-noUpm
-name
AssetImportWorker0
-projectPath
/Users/nateshirey/Documents/GameProjects/SacrificeJam/SacrificeJamGameV2
-logFile
Logs/AssetImportWorker0.log
-srvPort
61539
Successfully changed project path to: /Users/nateshirey/Documents/GameProjects/SacrificeJam/SacrificeJamGameV2
/Users/nateshirey/Documents/GameProjects/SacrificeJam/SacrificeJamGameV2
Using Asset Import Pipeline V2.
Refreshing native plugins compatible for Editor in 59.32 ms, found 1 plugins.
Preloading 0 native plugins for Editor in 0.00 ms.
Initialize engine version: 2020.3.4f1 (0abb6314276a)
[Subsystems] Discovering subsystems at path /Applications/Unity/Hub/Editor/2020.3.4f1/Unity.app/Contents/Resources/UnitySubsystems
[Subsystems] Discovering subsystems at path /Users/nateshirey/Documents/GameProjects/SacrificeJam/SacrificeJamGameV2/Assets
GfxDevice: creating device client; threaded=0
2022-07-09 21:35:50.674 Unity[13778:4990872] Color LCD preferred device: AMD Radeon R9 M370X (high power)
2022-07-09 21:35:50.674 Unity[13778:4990872] Metal devices available: 2
2022-07-09 21:35:50.674 Unity[13778:4990872] 0: AMD Radeon R9 M370X (high power)
2022-07-09 21:35:50.674 Unity[13778:4990872] 1: Intel Iris Pro Graphics (low power)
2022-07-09 21:35:50.675 Unity[13778:4990872] Using device AMD Radeon R9 M370X (high power)
Initializing Metal device caps: AMD Radeon R9 M370X
Initialize mono
Mono path[0] = '/Applications/Unity/Hub/Editor/2020.3.4f1/Unity.app/Contents/Managed'
Mono path[1] = '/Applications/Unity/Hub/Editor/2020.3.4f1/Unity.app/Contents/MonoBleedingEdge/lib/mono/unityjit'
Mono config path = '/Applications/Unity/Hub/Editor/2020.3.4f1/Unity.app/Contents/MonoBleedingEdge/etc'
Using monoOptions --debugger-agent=transport=dt_socket,embedding=1,server=y,suspend=n,address=127.0.0.1:56778
Begin MonoManager ReloadAssembly
Registering precompiled unity dll's ...
Register platform support module: /Applications/Unity/Hub/Editor/2020.3.4f1/PlaybackEngines/WebGLSupport/UnityEditor.WebGL.Extensions.dll
Register platform support module: /Applications/Unity/Hub/Editor/2020.3.4f1/Unity.app/Contents/PlaybackEngines/MacStandaloneSupport/UnityEditor.OSXStandalone.Extensions.dll
Register platform support module: /Applications/Unity/Hub/Editor/2020.3.4f1/PlaybackEngines/WindowsStandaloneSupport/UnityEditor.WindowsStandalone.Extensions.dll
Registered in 0.000749 seconds.
Native extension for WindowsStandalone target not found
Native extension for OSXStandalone target not found
Native extension for WebGL target not found
Refreshing native plugins compatible for Editor in 62.05 ms, found 1 plugins.
Preloading 0 native plugins for Editor in 0.00 ms.
Mono: successfully reloaded assembly
- Completed reload, in  1.934 seconds
Platform modules already initialized, skipping
Registering precompiled user dll's ...
Registered in 0.000850 seconds.
Begin MonoManager ReloadAssembly
Native extension for WindowsStandalone target not found
Native extension for OSXStandalone target not found
Native extension for WebGL target not found
Refreshing native plugins compatible for Editor in 61.46 ms, found 1 plugins.
Preloading 0 native plugins for Editor in 0.00 ms.
Mono: successfully reloaded assembly
- Completed reload, in  1.315 seconds
Platform modules already initialized, skipping
========================================================================
Worker process is ready to serve import requests
Shader 'Universal Render Pipeline/Particles/Lit': fallback shader 'Universal Render Pipeline/Particles/SimpleLit' not found
Shader 'Universal Render Pipeline/Particles/Lit': fallback shader 'Universal Render Pipeline/Particles/SimpleLit' not found
Launching external process: /Applications/Unity/Hub/Editor/2020.3.4f1/Unity.app/Contents/Tools/UnityShaderCompiler
Launched and connected shader compiler UnityShaderCompiler after 0.02 seconds
Refreshing native plugins compatible for Editor in 0.68 ms, found 1 plugins.
Preloading 0 native plugins for Editor in 0.00 ms.
Unloading 2909 Unused Serialized files (Serialized files now loaded: 0)
System memory in use before: 200.1 MB.
System memory in use after: 197.4 MB.

Unloading 49 unused Assets to reduce memory usage. Loaded Objects now: 3316.
Total: 5.543197 ms (FindLiveObjects: 0.495667 ms CreateObjectMapping: 0.142274 ms MarkObjects: 2.817782 ms  DeleteObjects: 2.085625 ms)

========================================================================
Received Import Request.
  path: Assets/Art/Animations/RobotIdle
  artifactKey: Guid(8cf3f9a7723d74cc8b3edcbaeb3452da) Importer(815301076,1909f56bfc062723c751e8b465ee728b)
Start importing Assets/Art/Animations/RobotIdle using Guid(8cf3f9a7723d74cc8b3edcbaeb3452da) Importer(815301076,1909f56bfc062723c751e8b465ee728b)  -> (artifact id: '47b2761fb41e5c6685648d92179d29bb') in 0.007064 seconds
  Import took 0.012626 seconds .

========================================================================
Received Import Request.
  Time since last request: 23.711733 seconds.
  path: Assets/Art/Animations/RobotIdle/RobotIdleDown.anim
  artifactKey: Guid(76be77927cb9b43e0ac8296ddbc7549f) Importer(815301076,1909f56bfc062723c751e8b465ee728b)
Start importing Assets/Art/Animations/RobotIdle/RobotIdleDown.anim using Guid(76be77927cb9b43e0ac8296ddbc7549f) Importer(815301076,1909f56bfc062723c751e8b465ee728b)  -> (artifact id: '01058a94a3b564b6a9bf2124b7705729') in 0.906065 seconds
  Import took 0.911437 seconds .

========================================================================
Received Prepare
Shader 'Universal Render Pipeline/Particles/Lit': fallback shader 'Universal Render Pipeline/Particles/SimpleLit' not found
Shader 'Universal Render Pipeline/Particles/Lit': fallback shader 'Universal Render Pipeline/Particles/SimpleLit' not found
Refreshing native plugins compatible for Editor in 1.01 ms, found 1 plugins.
Preloading 0 native plugins for Editor in 0.00 ms.
Unloading 39 Unused Serialized files (Serialized files now loaded: 0)
System memory in use before: 145.7 MB.
System memory in use after: 143.1 MB.

Unloading 39 unused Assets to reduce memory usage. Loaded Objects now: 3316.
Total: 5.086502 ms (FindLiveObjects: 0.359485 ms CreateObjectMapping: 0.133086 ms MarkObjects: 2.602677 ms  DeleteObjects: 1.988923 ms)

========================================================================
Received Import Request.
  Time since last request: 237.371431 seconds.
  path: Assets/Art/Animators/RobotAnimatorController.controller
  artifactKey: Guid(f1a34ef9e98194894b7aa8a52a521e7c) Importer(815301076,1909f56bfc062723c751e8b465ee728b)
Start importing Assets/Art/Animators/RobotAnimatorController.controller using Guid(f1a34ef9e98194894b7aa8a52a521e7c) Importer(815301076,1909f56bfc062723c751e8b465ee728b)  -> (artifact id: '0eeee58742d0f7e0ea9963b2eb5d3a35') in 0.102491 seconds
  Import took 0.108944 seconds .

========================================================================
Received Prepare
Registering precompiled user dll's ...
Registered in 0.000982 seconds.
Begin MonoManager ReloadAssembly
Native extension for WindowsStandalone target not found
Native extension for OSXStandalone target not found
Native extension for WebGL target not found
Refreshing native plugins compatible for Editor in 0.52 ms, found 1 plugins.
Preloading 0 native plugins for Editor in 0.00 ms.
Mono: successfully reloaded assembly
- Completed reload, in  1.173 seconds
Platform modules already initialized, skipping
Shader 'Universal Render Pipeline/Particles/Lit': fallback shader 'Universal Render Pipeline/Particles/SimpleLit' not found
Shader 'Universal Render Pipeline/Particles/Lit': fallback shader 'Universal Render Pipeline/Particles/SimpleLit' not found
Refreshing native plugins compatible for Editor in 0.64 ms, found 1 plugins.
Preloading 0 native plugins for Editor in 0.00 ms.
Unloading 2834 Unused Serialized files (Serialized files now loaded: 0)
System memory in use before: 205.5 MB.
System memory in use after: 202.8 MB.

Unloading 42 unused Assets to reduce memory usage. Loaded Objects now: 3319.
Total: 5.600627 ms (FindLiveObjects: 0.418319 ms CreateObjectMapping: 0.150678 ms MarkObjects: 2.706062 ms  DeleteObjects: 2.322499 ms)

========================================================================
Received Prepare
Registering precompiled user dll's ...
Registered in 0.001753 seconds.
Begin MonoManager ReloadAssembly
Native extension for WindowsStandalone target not found
Native extension for OSXStandalone target not found
Native extension for WebGL target not found
Refreshing native plugins compatible for Editor in 0.58 ms, found 1 plugins.
Preloading 0 native plugins for Editor in 0.00 ms.
Mono: successfully reloaded assembly
- Completed reload, in  1.348 seconds
Platform modules already initialized, skipping
Shader 'Universal Render Pipeline/Particles/Lit': fallback shader 'Universal Render Pipeline/Particles/SimpleLit' not found
Shader 'Universal Render Pipeline/Particles/Lit': fallback shader 'Universal Render Pipeline/Particles/SimpleLit' not found
Refreshing native plugins compatible for Editor in 0.55 ms, found 1 plugins.
Preloading 0 native plugins for Editor in 0.00 ms.
Unloading 2834 Unused Serialized files (Serialized files now loaded: 0)
System memory in use before: 205.8 MB.
System memory in use after: 203.1 MB.

Unloading 42 unused Assets to reduce memory usage. Loaded Objects now: 3322.
Total: 5.324394 ms (FindLiveObjects: 0.430734 ms CreateObjectMapping: 0.133610 ms MarkObjects: 2.594588 ms  DeleteObjects: 2.164245 ms)

========================================================================
Received Import Request.
  Time since last request: 379.427065 seconds.
  path: Assets/Art/Animations/RobotWalk/RobotWalkDown.anim
  artifactKey: Guid(d4448eb2a2b6b4b1ab60e491f64ca4ce) Importer(815301076,1909f56bfc062723c751e8b465ee728b)
Start importing Assets/Art/Animations/RobotWalk/RobotWalkDown.anim using Guid(d4448eb2a2b6b4b1ab60e491f64ca4ce) Importer(815301076,1909f56bfc062723c751e8b465ee728b)  -> (artifact id: 'dbfb657ed9832fc583080687be90b4e0') in 0.018743 seconds
  Import took 0.025490 seconds .

========================================================================
Received Import Request.
  Time since last request: 5.898810 seconds.
  path: Assets/Art/Animations/RobotWalk/RobotWalkDownLeft.anim
  artifactKey: Guid(a0be95369942143ac843352c79101349) Importer(815301076,1909f56bfc062723c751e8b465ee728b)
Start importing Assets/Art/Animations/RobotWalk/RobotWalkDownLeft.anim using Guid(a0be95369942143ac843352c79101349) Importer(815301076,1909f56bfc062723c751e8b465ee728b)  -> (artifact id: '5dccae13efab4f0dfb618508e75b5ec0') in 0.003496 seconds
  Import took 0.008966 seconds .

========================================================================
Received Prepare
Registering precompiled user dll's ...
Registered in 0.000876 seconds.
Begin MonoManager ReloadAssembly
Native extension for WindowsStandalone target not found
Native extension for OSXStandalone target not found
Native extension for WebGL target not found
Refreshing native plugins compatible for Editor in 0.57 ms, found 1 plugins.
Preloading 0 native plugins for Editor in 0.00 ms.
Mono: successfully reloaded assembly
- Completed reload, in  1.157 seconds
Platform modules already initialized, skipping
Shader 'Universal Render Pipeline/Particles/Lit': fallback shader 'Universal Render Pipeline/Particles/SimpleLit' not found
Shader 'Universal Render Pipeline/Particles/Lit': fallback shader 'Universal Render Pipeline/Particles/SimpleLit' not found
Refreshing native plugins compatible for Editor in 0.52 ms, found 1 plugins.
Preloading 0 native plugins for Editor in 0.00 ms.
Unloading 2834 Unused Serialized files (Serialized files now loaded: 0)
System memory in use before: 206.0 MB.
System memory in use after: 203.3 MB.

Unloading 42 unused Assets to reduce memory usage. Loaded Objects now: 3325.
Total: 6.027585 ms (FindLiveObjects: 0.468803 ms CreateObjectMapping: 0.128846 ms MarkObjects: 2.869877 ms  DeleteObjects: 2.558575 ms)

========================================================================
Received Prepare
Registering precompiled user dll's ...
Registered in 0.001072 seconds.
Begin MonoManager ReloadAssembly
Native extension for WindowsStandalone target not found
Native extension for OSXStandalone target not found
Native extension for WebGL target not found
Refreshing native plugins compatible for Editor in 0.72 ms, found 1 plugins.
Preloading 0 native plugins for Editor in 0.00 ms.
Mono: successfully reloaded assembly
- Completed reload, in  1.234 seconds
Platform modules already initialized, skipping
Shader 'Universal Render Pipeline/Particles/Lit': fallback shader 'Universal Render Pipeline/Particles/SimpleLit' not found
Shader 'Universal Render Pipeline/Particles/Lit': fallback shader 'Universal Render Pipeline/Particles/SimpleLit' not found
Refreshing native plugins compatible for Editor in 0.58 ms, found 1 plugins.
Preloading 0 native plugins for Editor in 0.00 ms.
Unloading 2834 Unused Serialized files (Serialized files now loaded: 0)
System memory in use before: 206.3 MB.
System memory in use after: 203.6 MB.

Unloading 42 unused Assets to reduce memory usage. Loaded Objects now: 3328.
Total: 5.340673 ms (FindLiveObjects: 0.468419 ms CreateObjectMapping: 0.130638 ms MarkObjects: 2.601713 ms  DeleteObjects: 2.138230 ms)

========================================================================
Received Prepare
Registering precompiled user dll's ...
Registered in 0.001194 seconds.
Begin MonoManager ReloadAssembly
Native extension for WindowsStandalone target not found
Native extension for OSXStandalone target not found
Native extension for WebGL target not found
Refreshing native plugins compatible for Editor in 0.55 ms, found 1 plugins.
Preloading 0 native plugins for Editor in 0.00 ms.
Mono: successfully reloaded assembly
- Completed reload, in  1.171 seconds
Platform modules already initialized, skipping
Shader 'Universal Render Pipeline/Particles/Lit': fallback shader 'Universal Render Pipeline/Particles/SimpleLit' not found
Shader 'Universal Render Pipeline/Particles/Lit': fallback shader 'Universal Render Pipeline/Particles/SimpleLit' not found
Refreshing native plugins compatible for Editor in 0.55 ms, found 1 plugins.
Preloading 0 native plugins for Editor in 0.00 ms.
Unloading 2834 Unused Serialized files (Serialized files now loaded: 0)
System memory in use before: 206.6 MB.
System memory in use after: 203.9 MB.

Unloading 42 unused Assets to reduce memory usage. Loaded Objects now: 3331.
Total: 4.881094 ms (FindLiveObjects: 0.374672 ms CreateObjectMapping: 0.143297 ms MarkObjects: 2.258262 ms  DeleteObjects: 2.102305 ms)

========================================================================
Received Prepare
Registering precompiled user dll's ...
Registered in 0.000950 seconds.
Begin MonoManager ReloadAssembly
Native extension for WindowsStandalone target not found
Native extension for OSXStandalone target not found
Native extension for WebGL target not found
Refreshing native plugins compatible for Editor in 0.53 ms, found 1 plugins.
Preloading 0 native plugins for Editor in 0.00 ms.
Mono: successfully reloaded assembly
- Completed reload, in  1.183 seconds
Platform modules already initialized, skipping
Shader 'Universal Render Pipeline/Particles/Lit': fallback shader 'Universal Render Pipeline/Particles/SimpleLit' not found
Shader 'Universal Render Pipeline/Particles/Lit': fallback shader 'Universal Render Pipeline/Particles/SimpleLit' not found
Refreshing native plugins compatible for Editor in 0.52 ms, found 1 plugins.
Preloading 0 native plugins for Editor in 0.00 ms.
Unloading 2834 Unused Serialized files (Serialized files now loaded: 0)
System memory in use before: 206.8 MB.
System memory in use after: 204.1 MB.

Unloading 42 unused Assets to reduce memory usage. Loaded Objects now: 3334.
Total: 5.059393 ms (FindLiveObjects: 0.385105 ms CreateObjectMapping: 0.132093 ms MarkObjects: 2.312545 ms  DeleteObjects: 2.228364 ms)

========================================================================
Received Prepare
Registering precompiled user dll's ...
Registered in 0.000970 seconds.
Begin MonoManager ReloadAssembly
Native extension for WindowsStandalone target not found
Native extension for OSXStandalone target not found
Native extension for WebGL target not found
Refreshing native plugins compatible for Editor in 0.55 ms, found 1 plugins.
Preloading 0 native plugins for Editor in 0.00 ms.
Mono: successfully reloaded assembly
- Completed reload, in  1.222 seconds
Platform modules already initialized, skipping
Shader 'Universal Render Pipeline/Particles/Lit': fallback shader 'Universal Render Pipeline/Particles/SimpleLit' not found
Shader 'Universal Render Pipeline/Particles/Lit': fallback shader 'Universal Render Pipeline/Particles/SimpleLit' not found
Refreshing native plugins compatible for Editor in 0.57 ms, found 1 plugins.
Preloading 0 native plugins for Editor in 0.00 ms.
Unloading 2834 Unused Serialized files (Serialized files now loaded: 0)
System memory in use before: 207.1 MB.
System memory in use after: 204.4 MB.

Unloading 42 unused Assets to reduce memory usage. Loaded Objects now: 3337.
Total: 6.128128 ms (FindLiveObjects: 0.387611 ms CreateObjectMapping: 0.153651 ms MarkObjects: 2.875675 ms  DeleteObjects: 2.709579 ms)

========================================================================
Received Import Request.
  Time since last request: 2061.902485 seconds.
  path: Assets/Art/Animators/RobotAnimatorController.controller
  artifactKey: Guid(f1a34ef9e98194894b7aa8a52a521e7c) Importer(815301076,1909f56bfc062723c751e8b465ee728b)
Start importing Assets/Art/Animators/RobotAnimatorController.controller using Guid(f1a34ef9e98194894b7aa8a52a521e7c) Importer(815301076,1909f56bfc062723c751e8b465ee728b)  -> (artifact id: 'c8fd7d4c4c58abf75d3f912bc15ae5d1') in 0.030122 seconds
  Import took 0.035883 seconds .

AssetImportWorkerClient::OnTransportError - code=2 error=End of file
