Using pre-set license
Built from '2020.3/staging' branch; Version is '2020.3.4f1 (0abb6314276a) revision 703331'; Using compiler version '192528614'; Build Type 'Release'
OS: 'Windows 10 Pro; OS build 19043.1766; Version 2009; 64bit' Language: 'en' Physical Memory: 16310 MB
BatchMode: 1, IsHumanControllingUs: 0, StartBugReporterOnCrash: 0, Is64bit: 1, IsPro: 0

 COMMAND LINE ARGUMENTS:
C:\Program Files\Unity\Hub\Editor\2020.3.4f1\Editor\Unity.exe
-adb2
-batchMode
-noUpm
-name
AssetImportWorker0
-projectPath
C:/Users/Ryan/SacrificeJam/SacrificeJam/SacrificeJamGameV2
-logFile
Logs/AssetImportWorker0.log
-srvPort
54368
Successfully changed project path to: C:/Users/Ryan/SacrificeJam/SacrificeJam/SacrificeJamGameV2
C:/Users/Ryan/SacrificeJam/SacrificeJam/SacrificeJamGameV2
Using Asset Import Pipeline V2.
Refreshing native plugins compatible for Editor in 59.49 ms, found 0 plugins.
Preloading 0 native plugins for Editor in 0.00 ms.
Initialize engine version: 2020.3.4f1 (0abb6314276a)
[Subsystems] Discovering subsystems at path C:/Program Files/Unity/Hub/Editor/2020.3.4f1/Editor/Data/Resources/UnitySubsystems
[Subsystems] Discovering subsystems at path C:/Users/Ryan/SacrificeJam/SacrificeJam/SacrificeJamGameV2/Assets
GfxDevice: creating device client; threaded=0
Direct3D:
    Version:  Direct3D 11.0 [level 11.1]
    Renderer: NVIDIA GeForce RTX 2070 (ID=0x1f07)
    Vendor:   
    VRAM:     8031 MB
    Driver:   27.21.14.6611
Shader 'Universal Render Pipeline/Particles/Lit': fallback shader 'Universal Render Pipeline/Particles/SimpleLit' not found
Initialize mono
Mono path[0] = 'C:/Program Files/Unity/Hub/Editor/2020.3.4f1/Editor/Data/Managed'
Mono path[1] = 'C:/Program Files/Unity/Hub/Editor/2020.3.4f1/Editor/Data/MonoBleedingEdge/lib/mono/unityjit'
Mono config path = 'C:/Program Files/Unity/Hub/Editor/2020.3.4f1/Editor/Data/MonoBleedingEdge/etc'
Using monoOptions --debugger-agent=transport=dt_socket,embedding=1,server=y,suspend=n,address=127.0.0.1:56512
Begin MonoManager ReloadAssembly
Registering precompiled unity dll's ...
Register platform support module: C:/Program Files/Unity/Hub/Editor/2020.3.4f1/Editor/Data/PlaybackEngines/WindowsStandaloneSupport/UnityEditor.WindowsStandalone.Extensions.dll
Registered in 0.002253 seconds.
Native extension for WindowsStandalone target not found
Refreshing native plugins compatible for Editor in 59.87 ms, found 0 plugins.
Preloading 0 native plugins for Editor in 0.00 ms.
Mono: successfully reloaded assembly
- Completed reload, in  1.255 seconds
Platform modules already initialized, skipping
Registering precompiled user dll's ...
Registered in 0.001566 seconds.
Begin MonoManager ReloadAssembly
Native extension for WindowsStandalone target not found
Refreshing native plugins compatible for Editor in 58.40 ms, found 0 plugins.
Preloading 0 native plugins for Editor in 0.00 ms.
Mono: successfully reloaded assembly
- Completed reload, in  1.209 seconds
Platform modules already initialized, skipping
========================================================================
Worker process is ready to serve import requests
Shader 'Universal Render Pipeline/Particles/Lit': fallback shader 'Universal Render Pipeline/Particles/SimpleLit' not found
Launched and connected shader compiler UnityShaderCompiler.exe after 0.06 seconds
Refreshing native plugins compatible for Editor in 0.47 ms, found 0 plugins.
Preloading 0 native plugins for Editor in 0.00 ms.
Unloading 2909 Unused Serialized files (Serialized files now loaded: 0)
System memory in use before: 129.5 MB.
System memory in use after: 127.1 MB.

Unloading 45 unused Assets to reduce memory usage. Loaded Objects now: 3320.
Total: 5.255800 ms (FindLiveObjects: 0.494000 ms CreateObjectMapping: 0.161400 ms MarkObjects: 2.857700 ms  DeleteObjects: 1.741400 ms)

========================================================================
Received Import Request.
  path: Assets/Art/Animators/RobotAnimatorController.controller
  artifactKey: Guid(f1a34ef9e98194894b7aa8a52a521e7c) Importer(815301076,1909f56bfc062723c751e8b465ee728b)
Start importing Assets/Art/Animators/RobotAnimatorController.controller using Guid(f1a34ef9e98194894b7aa8a52a521e7c) Importer(815301076,1909f56bfc062723c751e8b465ee728b)  -> (artifact id: '7b13fe09b84b6b57d96365fd1d64507f') in 0.049926 seconds
  Import took 0.056134 seconds .

========================================================================
Received Import Request.
  Time since last request: 5.241015 seconds.
  path: Assets/Scenes
  artifactKey: Guid(d7074b6d9dd46490ca02962c15b5e50e) Importer(815301076,1909f56bfc062723c751e8b465ee728b)
Start importing Assets/Scenes using Guid(d7074b6d9dd46490ca02962c15b5e50e) Importer(815301076,1909f56bfc062723c751e8b465ee728b)  -> (artifact id: '409b84147160cbde37eac31a5fd859e6') in 0.008710 seconds
  Import took 0.013124 seconds .

========================================================================
Received Import Request.
  Time since last request: 0.558866 seconds.
  path: Assets/Scripts
  artifactKey: Guid(02a3527b6b33a924e8ec66aa805ea717) Importer(815301076,1909f56bfc062723c751e8b465ee728b)
Start importing Assets/Scripts using Guid(02a3527b6b33a924e8ec66aa805ea717) Importer(815301076,1909f56bfc062723c751e8b465ee728b)  -> (artifact id: 'c54a9caa4e14d089eca70e0d1d1c20c0') in 0.007831 seconds
  Import took 0.012320 seconds .

========================================================================
Received Import Request.
  Time since last request: 0.000983 seconds.
  path: Assets/Scripts
  artifactKey: Guid(02a3527b6b33a924e8ec66aa805ea717) Importer(815301076,1909f56bfc062723c751e8b465ee728b)
Start importing Assets/Scripts using Guid(02a3527b6b33a924e8ec66aa805ea717) Importer(815301076,1909f56bfc062723c751e8b465ee728b)  -> (artifact id: 'c54a9caa4e14d089eca70e0d1d1c20c0') in 0.002816 seconds
  Import took 0.007384 seconds .

========================================================================
Received Import Request.
  Time since last request: 0.516811 seconds.
  path: Assets/Scripts/PlayerHealth.cs
  artifactKey: Guid(e275012a5c80943538e7807b453d842a) Importer(815301076,1909f56bfc062723c751e8b465ee728b)
Start importing Assets/Scripts/PlayerHealth.cs using Guid(e275012a5c80943538e7807b453d842a) Importer(815301076,1909f56bfc062723c751e8b465ee728b)  -> (artifact id: 'c6d264636c9362c804ff25ba06fb8fb5') in 0.008852 seconds
  Import took 0.013790 seconds .

========================================================================
Received Prepare
Registering precompiled user dll's ...
Registered in 0.001976 seconds.
Begin MonoManager ReloadAssembly
Native extension for WindowsStandalone target not found
Refreshing native plugins compatible for Editor in 0.50 ms, found 0 plugins.
Preloading 0 native plugins for Editor in 0.00 ms.
Mono: successfully reloaded assembly
- Completed reload, in  1.105 seconds
Platform modules already initialized, skipping
Shader 'Universal Render Pipeline/Particles/Lit': fallback shader 'Universal Render Pipeline/Particles/SimpleLit' not found
Refreshing native plugins compatible for Editor in 0.48 ms, found 0 plugins.
Preloading 0 native plugins for Editor in 0.00 ms.
Unloading 2830 Unused Serialized files (Serialized files now loaded: 0)
System memory in use before: 125.7 MB.
System memory in use after: 123.3 MB.

Unloading 38 unused Assets to reduce memory usage. Loaded Objects now: 3323.
Total: 4.327800 ms (FindLiveObjects: 0.339400 ms CreateObjectMapping: 0.081000 ms MarkObjects: 2.438100 ms  DeleteObjects: 1.467800 ms)

========================================================================
Received Import Request.
  Time since last request: 72.978649 seconds.
  path: Assets/Scripts/PlayerHealth.cs
  artifactKey: Guid(e275012a5c80943538e7807b453d842a) Importer(815301076,1909f56bfc062723c751e8b465ee728b)
Start importing Assets/Scripts/PlayerHealth.cs using Guid(e275012a5c80943538e7807b453d842a) Importer(815301076,1909f56bfc062723c751e8b465ee728b)  -> (artifact id: 'f18d72a6ea6734eef4deb3763eba7602') in 0.007501 seconds
  Import took 0.012542 seconds .

========================================================================
Received Import Request.
  Time since last request: 61.194654 seconds.
  path: Assets/Prefabs/oilSplot.prefab
  artifactKey: Guid(c1a70de345204274bb79807193a90f72) Importer(815301076,1909f56bfc062723c751e8b465ee728b)
Start importing Assets/Prefabs/oilSplot.prefab using Guid(c1a70de345204274bb79807193a90f72) Importer(815301076,1909f56bfc062723c751e8b465ee728b)  -> (artifact id: '2ffa2d2c9a959134b6526a423adb4875') in 0.235102 seconds
  Import took 0.240287 seconds .

